<?xml version="1.0" encoding="UTF-8"?>
<testng-results ignored="0" total="1" passed="1" failed="0" skipped="0">
  <reporter-output>
  </reporter-output>
  <suite started-at="2025-04-24T18:41:37 IST" name="Default suite" finished-at="2025-04-24T18:42:05 IST" duration-ms="28688">
    <groups>
    </groups>
    <test started-at="2025-04-24T18:41:37 IST" name="Default test" finished-at="2025-04-24T18:42:05 IST" duration-ms="28688">
      <class name="webdriverMaven.Assignment3_Amazon_Assertion">
        <test-method is-config="true" signature="setUp()[pri:0, instance:webdriverMaven.Assignment3_Amazon_Assertion@2ef14fe]" started-at="2025-04-24T18:41:37 IST" name="setUp" finished-at="2025-04-24T18:41:40 IST" duration-ms="3277" status="PASS">
          <reporter-output>
          </reporter-output>
        </test-method> <!-- setUp -->
        <test-method signature="verifyItemAddedToCart()[pri:0, instance:webdriverMaven.Assignment3_Amazon_Assertion@2ef14fe]" started-at="2025-04-24T18:41:40 IST" name="verifyItemAddedToCart" finished-at="2025-04-24T18:42:04 IST" duration-ms="24135" status="PASS">
          <reporter-output>
          </reporter-output>
        </test-method> <!-- verifyItemAddedToCart -->
        <test-method is-config="true" signature="tearDown()[pri:0, instance:webdriverMaven.Assignment3_Amazon_Assertion@2ef14fe]" started-at="2025-04-24T18:42:04 IST" name="tearDown" finished-at="2025-04-24T18:42:05 IST" duration-ms="1172" status="PASS">
          <reporter-output>
          </reporter-output>
        </test-method> <!-- tearDown -->
      </class> <!-- webdriverMaven.Assignment3_Amazon_Assertion -->
    </test> <!-- Default test -->
  </suite> <!-- Default suite -->
</testng-results>
